
> escobita@0.0.0 test
> ng test --watch=false --include src/app/features/game-board/game-table-page/game-table-page.spec.ts

[33mÔØ»[39m Building...
[32mÔ£ö[39m Building...
[1mInitial chunk files[22m                                            [2m | [22m[1mNames[22m                                                       [2m | [22m [1mRaw size[22m
[32mspec-app-features-game-board-game-table-page-game-table-page.js[39m[2m | [22m[2mspec-app-features-game-board-game-table-page-game-table-page[22m[2m | [22m[36m239.69 kB[39m[2m | [22m
[32mchunk-RSTWSNOR.js[39m                                              [2m | [22m[2m-[22m                                                           [2m | [22m  [36m4.75 kB[39m[2m | [22m
[32minit-testbed.js[39m                                                [2m | [22m[2minit-testbed[22m                                                [2m | [22m  [36m1.21 kB[39m[2m | [22m
[32mstyles.css[39m                                                     [2m | [22m[2mstyles[22m                                                      [2m | [22m  [36m1.06 kB[39m[2m | [22m
[32mvitest-mock-patch.js[39m                                           [2m | [22m[2mvitest-mock-patch[22m                                           [2m | [22m[36m969 bytes[39m[2m | [22m

[1m [22m                                                              [2m | [22m[1mInitial total[22m                                               [2m | [22m[1m247.68 kB[22m

Application bundle generation complete. [8.524 seconds] - 2026-05-14T07:25:14.387Z


[1m[30m[46m RUN [49m[39m[22m [36mv4.1.5 [39m[90mD:/Personal/websites/jokuak/escobita[39m

 [31mÔØ»[39m [30m[42m escobita [49m[39m src/app/features/game-board/game-table-page/game-table-page.spec.ts [2m([22m[2m56 tests[22m[2m | [22m[31m1 failed[39m[2m)[22m[33m 7635[2mms[22m[39m
     [33m[2mÔ£ô[22m[39m SC-26 / FR-8.2 - renders active-player and turn-phase indicators from engine signals [33m 412[2mms[22m[39m
     [32mÔ£ô[39m SC-26 / NFR-3.1 - updates visible context when engine signals change after initial render[32m 52[2mms[22m[39m
     [32mÔ£ô[39m SC-06 / FR-2.4 - propagates context updates through MatchContextHud after extraction[32m 91[2mms[22m[39m
     [32mÔ£ô[39m SC-27 / FR-8.3 - submit action dispatches playCard with selected card and capture subset[32m 76[2mms[22m[39m
     [32mÔ£ô[39m SC-09 / FR-3.5 - submit is blocked when no hand card is selected and validation appears[32m 52[2mms[22m[39m
     [32mÔ£ô[39m SC-22 / FR-6.3 - announces invalid submission feedback through a live region[32m 57[2mms[22m[39m
     [32mÔ£ô[39m SC-23 / FR-6.4 - moves focus to validation feedback after invalid submission[32m 33[2mms[22m[39m
     [32mÔ£ô[39m SC-10 / FR-3.6 - turn does not complete on submit and requires explicit confirmation action[32m 39[2mms[22m[39m
     [32mÔ£ô[39m SC-23 / FR-6.4 - applies deterministic focus transitions after submit and confirm actions[32m 46[2mms[22m[39m
     [32mÔ£ô[39m SC-22 / TR-6.3 - announces turn-change outcomes through a live region[32m 47[2mms[22m[39m
     [32mÔ£ô[39m SC-28 / FR-8.4 - confirm action dispatches confirmTurn once phase is awaiting-confirmation[32m 35[2mms[22m[39m
     [32mÔ£ô[39m SC-15 / FR-4.6 - renders escoba outcome visibility from engine-authoritative state[32m 40[2mms[22m[39m
     [32mÔ£ô[39m SC-29 / FR-8.5 - renders round and winner outcomes from engine signals[32m 50[2mms[22m[39m
     [32mÔ£ô[39m T-2 / FR-2.1 / FR-2.2 - computes continuation button visibility from round and winner states[32m 61[2mms[22m[39m
     [32mÔ£ô[39m T-2 / FR-1.3 - builds roundScoreBreakdown entries with resolved player names and all score fields[32m 41[2mms[22m[39m
     [32mÔ£ô[39m T-2 / TR-4.3 - resolves roundScoreBreakdown names by playerId even when score rows are out of player order[32m 54[2mms[22m[39m
     [32mÔ£ô[39m T-2 / TR-4.3 - returns empty breakdown and match-score arrays when state is null[32m 42[2mms[22m[39m
     [32mÔ£ô[39m T-2 / TR-4.1 - exposes winnerNames as a pure string array[32m 31[2mms[22m[39m
     [32mÔ£ô[39m T-2 / TR-4.3 - maps matchScoreEntries from state.matchScores instead of round totals[32m 46[2mms[22m[39m
     [32mÔ£ô[39m T-2 / TR-4.1 - initializes showMatchOverOverlay signal to false[32m 35[2mms[22m[39m
     [32mÔ£ô[39m T-2 / TR-4.1 - keeps showMatchOverOverlay false when only matchWinner changes[32m 25[2mms[22m[39m
     [32mÔ£ô[39m SC-11 / FR-2.3 - emits start-next-round from MatchContextHud and dispatches gameEngine.startNextRound[32m 50[2mms[22m[39m
     [32mÔ£ô[39m SC-07 / FR-2.4 - hides score breakdown and continuation control after start-next-round activation[32m 38[2mms[22m[39m
     [32mÔ£ô[39m SC-42 / FR-6.4 - announces round completion when roundResult becomes non-null[32m 22[2mms[22m[39m
     [32mÔ£ô[39m T-4 / FR-2.1 / FR-2.2 - passes continuation visibility and breakdown inputs to MatchContextHud[32m 31[2mms[22m[39m
     [32mÔ£ô[39m T-4 / TR-1.1 - binds MatchContextHud viewWinner output to the parent handler[32m 110[2mms[22m[39m
     [32mÔ£ô[39m SC-12 / FR-2.4 - start-next-round activation refreshes table and hand zones for a new round[32m 54[2mms[22m[39m
     [32mÔ£ô[39m SC-16 / FR-3.1 - does not display match-over overlay automatically when matchWinner becomes non-null[32m 33[2mms[22m[39m
     [32mÔ£ô[39m SC-16 / NFR-1.2 - ignores view-winner activation when match winner is not declared[32m 52[2mms[22m[39m
     [32mÔ£ô[39m SC-15 / SC-17 - shows match-over overlay when MatchContextHud emits viewWinner[32m 45[2mms[22m[39m
     [32mÔ£ô[39m SC-18 / SC-20 - binds winner names and accumulated match scores from page state into match-over overlay[32m 52[2mms[22m[39m
     [32mÔ£ô[39m SC-23 / FR-3.6 - applies inert and aria-hidden to background zones while match-over overlay is active[32m 50[2mms[22m[39m
     [32mÔ£ô[39m SC-26 / SC-27 - moves focus into overlay and announces winners when viewWinner is activated[32m 40[2mms[22m[39m
     [32mÔ£ô[39m SC-37 / SC-38 / SC-39 / SC-41 - play-again hides overlay, reinitializes the match, and restores submit focus[32m 81[2mms[22m[39m
     [32mÔ£ô[39m SC-39 / TR-2.2 - play-again falls back to lobby when session configuration is missing[32m 44[2mms[22m[39m
     [32mÔ£ô[39m SC-29 / SC-30 - return-to-lobby navigates to root and keeps session configuration intact[32m 47[2mms[22m[39m
     [32mÔ£ô[39m T-8 / FR-7.1 - disables interaction when AI turn is in progress even in awaiting-card-play phase[32m 21[2mms[22m[39m
     [32mÔ£ô[39m T-8 / AD-2 - resolves aiPlayerId to the second player UUID after initialization[32m 38[2mms[22m[39m
     [32mÔ£ô[39m T-8 / FR-7.3 - tracks aiHandCardCount reactively as AI hand size changes[32m 44[2mms[22m[39m
     [32mÔ£ô[39m T-8 / AD-5 - exposes aiHighlightedTableCards derived from aiTurnAnimationState[32m 17[2mms[22m[39m
     [32mÔ£ô[39m T-10 / AD-5 - blends AI highlighted cards into the center table selection during capture preview[32m 34[2mms[22m[39m
     [32mÔ£ô[39m T-10 / AD-8 - suppresses AI hand cards in Multiplayer mode[32m 32[2mms[22m[39m
     [32mÔ£ô[39m T-9 / FR-2.1 - automatically triggers AI play and confirm when Laia is active in awaiting-card-play[32m 34[2mms[22m[39m
     [32mÔ£ô[39m T-9 / FR-6.3 - sets revealedCard before playCard for capture decisions[32m 19[2mms[22m[39m
     [32mÔ£ô[39m T-9 / FR-8.3 - never sets revealedCard for placement decisions[32m 20[2mms[22m[39m
     [32mÔ£ô[39m T-9 / TR-2.4 - resets AI in-progress lock and animation state to idle when playCard throws[32m 28[2mms[22m[39m
[31m     [31m├ù[31m T-9 / NFR-2.2 - short-circuits runAiTurn when AI has no hand cards[39m[33m 5035[2mms[22m[39m
     [32mÔ£ô[39m T-9 / FR-6.1-FR-6.5 - progresses animation phases through card-selected and capture-previewing before resolving[32m 27[2mms[22m[39m
     [32mÔ£ô[39m T-9 / FR-2.3 - does not auto-run AI turn when phase is not awaiting-card-play[32m 17[2mms[22m[39m
     [32mÔ£ô[39m T-9 / FR-7.2 - prevents double-trigger while AI turn is already in progress[32m 18[2mms[22m[39m
     [32mÔ£ô[39m T-9 / FR-2.2 - re-triggers AI turn when it remains active after automatic confirm[32m 25[2mms[22m[39m
     [32mÔ£ô[39m T-9 / FR-6.7 - keeps placement animation duration within 1.5 to 3 seconds[32m 19[2mms[22m[39m
     [32mÔ£ô[39m T-9 / SC-12 - keeps capture animation duration within 1.5 to 3 seconds[32m 16[2mms[22m[39m
     [32mÔ£ô[39m T-11 / FR-9.1 - announces AI placement through the live region after confirmTurn resolves[32m 26[2mms[22m[39m
     [32mÔ£ô[39m T-11 / FR-9.2 - announces AI capture count without revealing card identity[32m 22[2mms[22m[39m
     [32mÔ£ô[39m T-11 / FR-9.3 - announces escoba instead of generic capture message[32m 23[2mms[22m[39m

ÔÄ»ÔÄ»ÔÄ»ÔÄ»ÔÄ»ÔÄ»ÔÄ» Failed Tests 1 ÔÄ»ÔÄ»ÔÄ»ÔÄ»ÔÄ»ÔÄ»ÔÄ»

 FAIL   escobita  src/app/features/game-board/game-table-page/game-table-page.spec.ts > GameTablePage > T-9 / NFR-2.2 - short-circuits runAiTurn when AI has no hand cards
Error: Test timed out in 5000ms.
If this is a long-running test, pass a timeout value as the last argument or configure it globally with "testTimeout".
 ÔØ» src/app/features/game-board/game-table-page/game-table-page.spec.ts:1972:3
    1970|   });
    1971|
    1972|   it('T-9 / NFR-2.2 - short-circuits runAiTurn when AI has no hand carÔÇª
       |   ^
    1973|     vi.useFakeTimers();
    1974|

ÔÄ»ÔÄ»ÔÄ»ÔÄ»ÔÄ»ÔÄ»ÔÄ»ÔÄ»ÔÄ»ÔÄ»ÔÄ»ÔÄ»ÔÄ»ÔÄ»ÔÄ»ÔÄ»ÔÄ»ÔÄ»ÔÄ»ÔÄ»ÔÄ»ÔÄ»ÔÄ»ÔÄ»[1/1]ÔÄ»


[2m Test Files [22m [1m[31m1 failed[39m[22m[90m (1)[39m
[2m      Tests [22m [1m[31m1 failed[39m[22m[2m | [22m[1m[32m55 passed[39m[22m[90m (56)[39m
[2m   Start at [22m 09:25:15
[2m   Duration [22m 12.87s[2m (transform 826ms, setup 1.06s, import 1.10s, tests 7.64s, environment 2.61s)[22m

